<?xml version="1.0" encoding="UTF-8"?>
<!-- Generated by org.testng.reporters.JUnitReportReporter -->
<testsuite skipped="0" hostname="LAPTOP-7DFPOSF2" name="com.class03.GroupsDemo" tests="5" failures="0" timestamp="2020-05-26T21:07:38 EDT" time="0.015" errors="0">
  <testcase name="test5" time="0.001" classname="com.class03.GroupsDemo"/>
  <system-out/>
  <testcase name="test3" time="0.001" classname="com.class03.GroupsDemo"/>
  <system-out/>
  <testcase name="test1" time="0.002" classname="com.class03.GroupsDemo"/>
  <system-out/>
  <testcase name="test2" time="0.009" classname="com.class03.GroupsDemo"/>
  <system-out/>
  <testcase name="test4" time="0.002" classname="com.class03.GroupsDemo"/>
  <system-out/>
</testsuite> <!-- com.class03.GroupsDemo -->
