<?xml version="1.0" encoding="UTF-8"?>
<!-- Generated by org.testng.reporters.JUnitReportReporter -->
<testsuite skipped="0" hostname="LAPTOP-7DFPOSF2" name="com.test.LoginTest" tests="3" failures="0" timestamp="2020-05-30T11:55:37 EDT" time="29.057" errors="0">
  <testcase name="emptyUsername" time="7.263" classname="com.test.LoginTest"/>
  <system-out/>
  <testcase name="validAdminLogin" time="11.847" classname="com.test.LoginTest"/>
  <system-out/>
  <testcase name="invalidAdminLogin" time="9.947" classname="com.test.LoginTest"/>
  <system-out/>
</testsuite> <!-- com.test.LoginTest -->
