<?xml version="1.0" encoding="UTF-8"?>
<!-- Generated by org.testng.reporters.JUnitReportReporter -->
<testsuite skipped="0" hostname="LAPTOP-7DFPOSF2" name="com.class02.HW1" tests="1" failures="0" timestamp="2020-05-26T21:15:42 EDT" time="10018.807" errors="0">
  <testcase name="loginCred" time="10018.807" classname="com.class02.HW1"/>
  <system-out/>
</testsuite> <!-- com.class02.HW1 -->
