<?xml version="1.0" encoding="UTF-8"?>
<!-- Generated by org.testng.reporters.JUnitReportReporter -->
<testsuite skipped="0" hostname="LAPTOP-7DFPOSF2" name="com.class01.TestNGDemo" tests="3" failures="0" timestamp="2020-05-26T20:09:52 EDT" time="0.002" errors="0">
  <testcase name="testOne" time="0.001" classname="com.class01.TestNGDemo"/>
  <system-out/>
  <testcase name="testTwo" time="0.000" classname="com.class01.TestNGDemo"/>
  <system-out/>
  <testcase name="testThree" time="0.001" classname="com.class01.TestNGDemo"/>
  <system-out/>
</testsuite> <!-- com.class01.TestNGDemo -->
