<?xml version="1.0" encoding="UTF-8"?>
<!-- Generated by org.testng.reporters.JUnitReportReporter -->
<testsuite skipped="0" hostname="LAPTOP-7DFPOSF2" name="com.class01.TitleLogoLoginTest" tests="3" failures="0" timestamp="2020-05-26T20:09:52 EDT" time="49.641" errors="0">
  <testcase name="validLogin" time="18.514" classname="com.class01.TitleLogoLoginTest"/>
  <system-out/>
  <testcase name="logoValidation" time="15.614" classname="com.class01.TitleLogoLoginTest"/>
  <system-out/>
  <testcase name="titleValidation" time="15.513" classname="com.class01.TitleLogoLoginTest"/>
  <system-out/>
</testsuite> <!-- com.class01.TitleLogoLoginTest -->
